<?xml version="1.0" encoding="UTF-8"?>
<testsuite xmlns:xsi="http://www.w3.org/2001/XMLSchema-instance" xsi:noNamespaceSchemaLocation="https://maven.apache.org/surefire/maven-surefire-plugin/xsd/surefire-test-report.xsd" version="3.0.2" name="StepDefinition.TestRunner" time="120.135" tests="6" errors="0" skipped="0" failures="0">
  <properties>
[...]
</properties>
  <testcase name="Complete shopping journey with login" classname="End-to-End BStackDemo Shopping Flow" time="27.244">
    <system-out><![CDATA[
&amp#27;[1mScenario Outline:&amp#27;[22m Complete shopping journey with login                                                                          &amp#27;[90m# file:///Users/sai/eclipse-workspace/Capstone_project/src/test/resources/features/01Login_to_Continue.feature:26&amp#27;[39m
  &amp#27;[32m✔&amp#27;[39m &amp#27;[32m&amp#27;[1mGiven &amp#27;[22mUser launches browser&amp#27;[39m                                                                                                 &amp#27;[90m# StepDefinition.BStackDemo.user_launches_browser()&amp#27;[39m
  &amp#27;[32m✔&amp#27;[39m &amp#27;[32m&amp#27;[1mWhen &amp#27;[22mUser navigates to BStackDemo site&amp#27;[39m                                                                                      &amp#27;[90m# StepDefinition.BStackDemo.user_navigates_to_site()&amp#27;[39m
  &amp#27;[32m✔&amp#27;[39m &amp#27;[32m&amp#27;[1mAnd &amp#27;[22mUser logs in with valid credentials&amp#27;[39m                                                                                     &amp#27;[90m# StepDefinition.BStackDemo.user_logs_in_with_valid_credentials()&amp#27;[39m
Login successful using valid credentials
  &amp#27;[32m✔&amp#27;[39m &amp#27;[32m&amp#27;[1mAnd &amp#27;[22mUser should be logged in successfully&amp#27;[39m                                                                                   &amp#27;[90m# StepDefinition.BStackDemo.user_should_be_logged_in_successfully()&amp#27;[39m
  &amp#27;[32m✔&amp#27;[39m &amp#27;[32m&amp#27;[1mAnd &amp#27;[22mUser searches and adds first product to cart&amp#27;[39m                                                                            &amp#27;[90m# StepDefinition.BStackDemo.user_searches_and_adds_first_product_to_cart()&amp#27;[39m
Product successfully added to cart, deleted from cart and then again added to cart
  &amp#27;[32m✔&amp#27;[39m &amp#27;[32m&amp#27;[1mAnd &amp#27;[22mProduct should be visible in cart&amp#27;[39m                                                                                       &amp#27;[90m# StepDefinition.BStackDemo.product_should_be_visible_in_cart()&amp#27;[39m
  &amp#27;[32m✔&amp#27;[39m &amp#27;[32m&amp#27;[1mAnd &amp#27;[22mUser proceeds to checkout&amp#27;[39m                                                                                               &amp#27;[90m# StepDefinition.BStackDemo.user_proceeds_to_checkout()&amp#27;[39m
Checkout page is displayed
  &amp#27;[32m✔&amp#27;[39m &amp#27;[32m&amp#27;[1mAnd &amp#27;[22mCheckout page should be displayed&amp#27;[39m                                                                                       &amp#27;[90m# StepDefinition.BStackDemo.checkout_page_should_be_displayed()&amp#27;[39m
  &amp#27;[32m✔&amp#27;[39m &amp#27;[32m&amp#27;[1mAnd &amp#27;[22mUser enters shipping details with firstname "&amp#27;[1mNasir&amp#27;[22m", lastname "&amp#27;[1mG&amp#27;[22m", address "&amp#27;[1m23/1 knl&amp#27;[22m", state "&amp#27;[1mAP&amp#27;[22m", and pincode "&amp#27;[1m518002&amp#27;[22m"&amp#27;[39m &amp#27;[90m# StepDefinition.BStackDemo.user_enters_shipping_details(java.lang.String,java.lang.String,java.lang.String,java.lang.String,java.lang.String)&amp#27;[39m
Shipping address saved
  &amp#27;[32m✔&amp#27;[39m &amp#27;[32m&amp#27;[1mAnd &amp#27;[22mShipping address should be saved&amp#27;[39m                                                                                        &amp#27;[90m# StepDefinition.BStackDemo.shipping_address_should_be_saved()&amp#27;[39m
  &amp#27;[32m✔&amp#27;[39m &amp#27;[32m&amp#27;[1mAnd &amp#27;[22mUser downloads order receipt&amp#27;[39m                                                                                            &amp#27;[90m# StepDefinition.BStackDemo.user_downloads_order_receipt()&amp#27;[39m
Order receipt downloaded
  &amp#27;[32m✔&amp#27;[39m &amp#27;[32m&amp#27;[1mAnd &amp#27;[22mOrder receipt should be downloaded&amp#27;[39m                                                                                      &amp#27;[90m# StepDefinition.BStackDemo.order_receipt_should_be_downloaded()&amp#27;[39m
  &amp#27;[32m✔&amp#27;[39m &amp#27;[32m&amp#27;[1mAnd &amp#27;[22mUser clicks Continue shopping&amp#27;[39m                                                                                           &amp#27;[90m# StepDefinition.BStackDemo.user_clicks_continue_shopping()&amp#27;[39m
Redirected back to shopping page
  &amp#27;[32m✔&amp#27;[39m &amp#27;[32m&amp#27;[1mThen &amp#27;[22mUser should be redirected to shopping home page&amp#27;[39m                                                                        &amp#27;[90m# StepDefinition.BStackDemo.user_should_be_redirected_to_shopping_home_page()&amp#27;[39m
]]></system-out>
  </testcase>
  <testcase name="Complete shopping journey for demouser" classname="Shopping flow for demouser" time="35.377">
    <system-out><![CDATA[
&amp#27;[1mScenario:&amp#27;[22m Complete shopping journey for demouser &amp#27;[90m# file:///Users/sai/eclipse-workspace/Capstone_project/src/test/resources/features/02demouserOtherTests.feature:4&amp#27;[39m
  &amp#27;[32m✔&amp#27;[39m &amp#27;[32m&amp#27;[1mGiven &amp#27;[22mUser launches the browser&amp#27;[39m              &amp#27;[90m# StepDefinition.DemouserSteps.user_launches_the_browser()&amp#27;[39m
  &amp#27;[32m✔&amp#27;[39m &amp#27;[32m&amp#27;[1mWhen &amp#27;[22mUser navigates to BStackDemo website&amp#27;[39m    &amp#27;[90m# StepDefinition.DemouserSteps.user_navigates_to_bstackdemo_website()&amp#27;[39m
  &amp#27;[32m✔&amp#27;[39m &amp#27;[32m&amp#27;[1mAnd &amp#27;[22mUser logs in with demouser&amp#27;[39m               &amp#27;[90m# StepDefinition.DemouserSteps.user_logs_in_with_demouser()&amp#27;[39m
  &amp#27;[32m✔&amp#27;[39m &amp#27;[32m&amp#27;[1mAnd &amp#27;[22mUser performs shopping flow with brands:&amp#27;[39m &amp#27;[90m# StepDefinition.DemouserSteps.user_performs_shopping_flow_with_brands()&amp#27;[39m
  &amp#27;[32m✔&amp#27;[39m &amp#27;[32m&amp#27;[1mAnd &amp#27;[22mUser searches for &amp#27;[1m"iPhone"&amp#27;[22m&amp#27;[39m               &amp#27;[90m# StepDefinition.DemouserSteps.user_searches_for(java.lang.String)&amp#27;[39m
  &amp#27;[32m✔&amp#27;[39m &amp#27;[32m&amp#27;[1mAnd &amp#27;[22mApply Low to High filter&amp#27;[39m                 &amp#27;[90m# StepDefinition.DemouserSteps.apply_low_to_high_filter()&amp#27;[39m
  &amp#27;[32m✔&amp#27;[39m &amp#27;[32m&amp#27;[1mAnd &amp#27;[22mApply High to Low filter&amp#27;[39m                 &amp#27;[90m# StepDefinition.DemouserSteps.apply_high_to_low_filter()&amp#27;[39m
  &amp#27;[32m✔&amp#27;[39m &amp#27;[32m&amp#27;[1mAnd &amp#27;[22mUser clicks Privacy Policy Read More&amp#27;[39m     &amp#27;[90m# StepDefinition.DemouserSteps.user_clicks_privacy_policy_read_more()&amp#27;[39m
Privacy Policy Readmore button is clickable
  &amp#27;[32m✔&amp#27;[39m &amp#27;[32m&amp#27;[1mAnd &amp#27;[22mPrivacy Policy page should open&amp#27;[39m          &amp#27;[90m# StepDefinition.DemouserSteps.privacy_policy_page_should_open()&amp#27;[39m
  &amp#27;[32m✔&amp#27;[39m &amp#27;[32m&amp#27;[1mAnd &amp#27;[22mUser clicks Offers page&amp#27;[39m                  &amp#27;[90m# StepDefinition.DemouserSteps.user_clicks_offers_page()&amp#27;[39m
✅ Offers page validated successfully
  &amp#27;[32m✔&amp#27;[39m &amp#27;[32m&amp#27;[1mAnd &amp#27;[22mOffers message should be validated&amp#27;[39m       &amp#27;[90m# StepDefinition.DemouserSteps.offers_message_should_be_validated()&amp#27;[39m
  &amp#27;[32m✔&amp#27;[39m &amp#27;[32m&amp#27;[1mThen &amp#27;[22mUser logs out&amp#27;[39m                           &amp#27;[90m# StepDefinition.DemouserSteps.user_logs_out()&amp#27;[39m
]]></system-out>
  </testcase>
  <testcase name="Validate login for image_not_loading_user" classname="Image Not Loading User Validation" time="13.629">
    <system-out><![CDATA[
&amp#27;[1mScenario:&amp#27;[22m Validate login for image_not_loading_user &amp#27;[90m# file:///Users/sai/eclipse-workspace/Capstone_project/src/test/resources/features/03ImageUser.feature:3&amp#27;[39m
  &amp#27;[32m✔&amp#27;[39m &amp#27;[32m&amp#27;[1mGiven &amp#27;[22mUser launches Browser&amp#27;[39m                     &amp#27;[90m# StepDefinition.ImageUserSteps.user_launches_Browser()&amp#27;[39m
  &amp#27;[32m✔&amp#27;[39m &amp#27;[32m&amp#27;[1mWhen &amp#27;[22mUser navigates to BStackDemo Website&amp#27;[39m       &amp#27;[90m# StepDefinition.ImageUserSteps.user_navigates_to_Website()&amp#27;[39m
  &amp#27;[32m✔&amp#27;[39m &amp#27;[32m&amp#27;[1mAnd &amp#27;[22mUser logs in with image_not_loading_user&amp#27;[39m    &amp#27;[90m# StepDefinition.ImageUserSteps.user_logs_in_with_image_not_loading_user()&amp#27;[39m
✅ image_not_loading_user logged in successfully.
  &amp#27;[32m✔&amp#27;[39m &amp#27;[32m&amp#27;[1mAnd &amp#27;[22mValidate that user logged in successfully&amp#27;[39m   &amp#27;[90m# StepDefinition.ImageUserSteps.validate_login_success()&amp#27;[39m
  &amp#27;[32m✔&amp#27;[39m &amp#27;[32m&amp#27;[1mThen &amp#27;[22mUser will log out&amp#27;[39m                          &amp#27;[90m# StepDefinition.ImageUserSteps.user_will_log_out()&amp#27;[39m
]]></system-out>
  </testcase>
  <testcase name="Validate favourites for fav_user" classname="Favourites User Validation" time="17.29">
    <system-out><![CDATA[
&amp#27;[1mScenario:&amp#27;[22m Validate favourites for fav_user     &amp#27;[90m# file:///Users/sai/eclipse-workspace/Capstone_project/src/test/resources/features/04FavUser.feature:3&amp#27;[39m
  &amp#27;[32m✔&amp#27;[39m &amp#27;[32m&amp#27;[1mGiven &amp#27;[22mUser launches the Browser&amp#27;[39m            &amp#27;[90m# StepDefinition.FavUserSteps.user_launches_the_Browser()&amp#27;[39m
  &amp#27;[32m✔&amp#27;[39m &amp#27;[32m&amp#27;[1mWhen &amp#27;[22mUser navigates to the BStackDemo site&amp#27;[39m &amp#27;[90m# StepDefinition.FavUserSteps.user_navigates_to_the_BStackDemo_site()&amp#27;[39m
  &amp#27;[32m✔&amp#27;[39m &amp#27;[32m&amp#27;[1mAnd &amp#27;[22mUser logs in with fav_user&amp#27;[39m             &amp#27;[90m# StepDefinition.FavUserSteps.user_logs_in_with_fav_user()&amp#27;[39m
✅ Favourites checked for fav_user.
  &amp#27;[32m✔&amp#27;[39m &amp#27;[32m&amp#27;[1mAnd &amp#27;[22mOpen Favourites and see items&amp#27;[39m          &amp#27;[90m# StepDefinition.FavUserSteps.Open_Favourites_and_see_items()&amp#27;[39m
  &amp#27;[32m✔&amp#27;[39m &amp#27;[32m&amp#27;[1mThen &amp#27;[22mUser logs out of site&amp#27;[39m                 &amp#27;[90m# StepDefinition.FavUserSteps.user_logs_out_of_site()&amp#27;[39m
]]></system-out>
  </testcase>
  <testcase name="Validate existing orders for existing_orders_user" classname="Existing Orders User Validation" time="15.518">
    <system-out><![CDATA[
&amp#27;[1mScenario:&amp#27;[22m Validate existing orders for existing_orders_user &amp#27;[90m# file:///Users/sai/eclipse-workspace/Capstone_project/src/test/resources/features/05ExistingOrdersUser.feature:3&amp#27;[39m
  &amp#27;[32m✔&amp#27;[39m &amp#27;[32m&amp#27;[1mGiven &amp#27;[22mUser launches their browser&amp#27;[39m                       &amp#27;[90m# StepDefinition.ExistingOrdersUserSteps.user_launches_their_browser()&amp#27;[39m
  &amp#27;[32m✔&amp#27;[39m &amp#27;[32m&amp#27;[1mWhen &amp#27;[22mUser navigates to the BStackDemo Website&amp#27;[39m           &amp#27;[90m# StepDefinition.ExistingOrdersUserSteps.user_navigates_to_the_BStackDemo_Website()&amp#27;[39m
  &amp#27;[32m✔&amp#27;[39m &amp#27;[32m&amp#27;[1mAnd &amp#27;[22mUser logs in with existing_orders_user&amp#27;[39m              &amp#27;[90m# StepDefinition.ExistingOrdersUserSteps.user_logs_in_with_existing_user()&amp#27;[39m
✅ Orders are present for existing_orders_user.
  &amp#27;[32m✔&amp#27;[39m &amp#27;[32m&amp#27;[1mAnd &amp#27;[22mOpen Orders and sees&amp#27;[39m                                &amp#27;[90m# StepDefinition.ExistingOrdersUserSteps.Open_Orders_and_sees()&amp#27;[39m
  &amp#27;[32m✔&amp#27;[39m &amp#27;[32m&amp#27;[1mThen &amp#27;[22mUser logs out of the site&amp#27;[39m                          &amp#27;[90m# StepDefinition.ExistingOrdersUserSteps.user_logs_out_of_the_site()&amp#27;[39m
]]></system-out>
  </testcase>
  <testcase name="Validate locked account message" classname="Locked User Validation" time="10.715">
    <system-out><![CDATA[
&amp#27;[1mScenario:&amp#27;[22m Validate locked account message      &amp#27;[90m# file:///Users/sai/eclipse-workspace/Capstone_project/src/test/resources/features/06LockedUser.feature:3&amp#27;[39m
  &amp#27;[32m✔&amp#27;[39m &amp#27;[32m&amp#27;[1mGiven &amp#27;[22mUser launches their Browser&amp#27;[39m          &amp#27;[90m# StepDefinition.LockedUserSteps.user_launches_their_Browser()&amp#27;[39m
  &amp#27;[32m✔&amp#27;[39m &amp#27;[32m&amp#27;[1mWhen &amp#27;[22mUser navigates to the BStackDEMO site&amp#27;[39m &amp#27;[90m# StepDefinition.LockedUserSteps.user_navigates_to_the_BStackDEMO_site()&amp#27;[39m
  &amp#27;[32m✔&amp#27;[39m &amp#27;[32m&amp#27;[1mAnd &amp#27;[22mUser logs in with locked_user&amp#27;[39m          &amp#27;[90m# StepDefinition.LockedUserSteps.user_logs_in_with_locked_user()&amp#27;[39m
✅ Locked user message validated.
  &amp#27;[32m✔&amp#27;[39m &amp#27;[32m&amp#27;[1mThen &amp#27;[22mValidate locked account message&amp#27;[39m       &amp#27;[90m# StepDefinition.LockedUserSteps.validate_locked_message()&amp#27;[39m
]]></system-out>
  </testcase>
</testsuite>